2025-09-24 16:40:54,208: Detector - INFO - Detector started
2025-09-24 16:40:54,208: Detector - INFO - Starting emotion detection from webcam
2025-09-24 16:40:54,699: Detector - INFO - Loading model from C:\Users\37529\ML_project\model\emotion_model.pth
2025-09-24 16:40:54,903: Detector - INFO - Emotion detector initialized
2025-09-24 16:41:01,924: Detector - INFO - Detected emotion: Fear
2025-09-24 16:41:02,042: Detector - INFO - Detected emotion: Fear
2025-09-24 16:41:02,123: Detector - INFO - Detected emotion: Fear
2025-09-24 16:41:02,219: Detector - INFO - Detected emotion: Fear
2025-09-24 16:41:02,309: Detector - INFO - Detected emotion: Fear
2025-09-24 16:41:02,397: Detector - INFO - Detected emotion: Fear
2025-09-24 16:41:02,500: Detector - INFO - Detected emotion: Fear
2025-09-24 16:41:02,591: Detector - INFO - Detected emotion: Fear
2025-09-24 16:41:02,680: Detector - INFO - Detected emotion: Fear
2025-09-24 16:41:02,763: Detector - INFO - Detected emotion: Fear
2025-09-24 16:41:02,860: Detector - INFO - Detected emotion: Fear
2025-09-24 16:41:02,941: Detector - INFO - Detected emotion: Fear
2025-09-24 16:41:03,021: Detector - INFO - Detected emotion: Fear
2025-09-24 16:41:03,124: Detector - INFO - Detected emotion: Fear
2025-09-24 16:41:03,212: Detector - INFO - Detected emotion: Fear
2025-09-24 16:41:03,304: Detector - INFO - Detected emotion: Fear
2025-09-24 16:41:03,389: Detector - INFO - Detected emotion: Fear
2025-09-24 16:41:03,483: Detector - INFO - Detected emotion: Fear
2025-09-24 16:41:03,572: Detector - INFO - Detected emotion: Fear
2025-09-24 16:41:03,665: Detector - INFO - Detected emotion: Fear
2025-09-24 16:41:03,758: Detector - INFO - Detected emotion: Fear
2025-09-24 16:41:03,847: Detector - INFO - Detected emotion: Fear
2025-09-24 16:41:03,939: Detector - INFO - Detected emotion: Fear
2025-09-24 16:41:04,033: Detector - INFO - Detected emotion: Fear
2025-09-24 16:41:04,125: Detector - INFO - Detected emotion: Fear
2025-09-24 16:41:04,219: Detector - INFO - Detected emotion: Fear
2025-09-24 16:41:04,312: Detector - INFO - Detected emotion: Fear
2025-09-24 16:41:04,407: Detector - INFO - Detected emotion: Fear
2025-09-24 16:41:04,500: Detector - INFO - Detected emotion: Fear
2025-09-24 16:41:04,589: Detector - INFO - Detected emotion: Fear
2025-09-24 16:41:04,690: Detector - INFO - Detected emotion: Fear
2025-09-24 16:41:04,784: Detector - INFO - Detected emotion: Fear
2025-09-24 16:41:04,883: Detector - INFO - Detected emotion: Fear
2025-09-24 16:41:04,969: Detector - INFO - Detected emotion: Fear
2025-09-24 16:41:05,063: Detector - INFO - Detected emotion: Fear
2025-09-24 16:41:05,147: Detector - INFO - Detected emotion: Fear
2025-09-24 16:41:05,235: Detector - INFO - Detected emotion: Surprise
2025-09-24 16:41:05,324: Detector - INFO - Detected emotion: Fear
2025-09-24 16:41:05,400: Detector - INFO - Detected emotion: Fear
2025-09-24 16:41:05,475: Detector - INFO - Detected emotion: Surprise
2025-09-24 16:41:05,547: Detector - INFO - Detected emotion: Fear
2025-09-24 16:41:05,632: Detector - INFO - Detected emotion: Fear
2025-09-24 16:41:05,711: Detector - INFO - Detected emotion: Fear
2025-09-24 16:41:05,789: Detector - INFO - Detected emotion: Fear
2025-09-24 16:41:05,861: Detector - INFO - Detected emotion: Surprise
2025-09-24 16:41:05,944: Detector - INFO - Detected emotion: Surprise
2025-09-24 16:41:06,020: Detector - INFO - Detected emotion: Fear
2025-09-24 16:41:06,099: Detector - INFO - Detected emotion: Surprise
2025-09-24 16:41:06,181: Detector - INFO - Detected emotion: Fear
2025-09-24 16:41:06,271: Detector - INFO - Detected emotion: Fear
2025-09-24 16:41:06,346: Detector - INFO - Detected emotion: Surprise
2025-09-24 16:41:06,429: Detector - INFO - Detected emotion: Fear
2025-09-24 16:41:06,511: Detector - INFO - Detected emotion: Surprise
2025-09-24 16:41:06,589: Detector - INFO - Detected emotion: Surprise
2025-09-24 16:41:06,677: Detector - INFO - Detected emotion: Fear
2025-09-24 16:41:06,762: Detector - INFO - Detected emotion: Fear
2025-09-24 16:41:06,846: Detector - INFO - Detected emotion: Fear
2025-09-24 16:41:06,923: Detector - INFO - Detected emotion: Fear
2025-09-24 16:41:07,009: Detector - INFO - Detected emotion: Fear
2025-09-24 16:41:07,086: Detector - INFO - Detected emotion: Fear
2025-09-24 16:41:07,167: Detector - INFO - Detected emotion: Fear
2025-09-24 16:41:07,248: Detector - INFO - Detected emotion: Fear
2025-09-24 16:41:07,332: Detector - INFO - Detected emotion: Surprise
2025-09-24 16:41:07,409: Detector - INFO - Detected emotion: Surprise
2025-09-24 16:41:07,493: Detector - INFO - Detected emotion: Sad
2025-09-24 16:41:07,562: Detector - INFO - Detected emotion: Surprise
2025-09-24 16:41:07,645: Detector - INFO - Detected emotion: Surprise
2025-09-24 16:41:07,721: Detector - INFO - Detected emotion: Surprise
2025-09-24 16:41:07,801: Detector - INFO - Detected emotion: Surprise
2025-09-24 16:41:07,881: Detector - INFO - Detected emotion: Sad
2025-09-24 16:41:07,963: Detector - INFO - Detected emotion: Fear
2025-09-24 16:41:08,040: Detector - INFO - Detected emotion: Fear
2025-09-24 16:41:08,118: Detector - INFO - Detected emotion: Surprise
2025-09-24 16:41:08,157: Detector - INFO - Detected emotion: Happy
2025-09-24 16:41:08,240: Detector - INFO - Detected emotion: Fear
2025-09-24 16:41:08,276: Detector - INFO - Detected emotion: Happy
2025-09-24 16:41:08,353: Detector - INFO - Detected emotion: Surprise
2025-09-24 16:41:08,390: Detector - INFO - Detected emotion: Happy
2025-09-24 16:41:08,475: Detector - INFO - Detected emotion: Sad
2025-09-24 16:41:08,509: Detector - INFO - Detected emotion: Happy
2025-09-24 16:41:08,590: Detector - INFO - Detected emotion: Fear
2025-09-24 16:41:08,660: Detector - INFO - Detected emotion: Fear
2025-09-24 16:41:08,743: Detector - INFO - Detected emotion: Fear
2025-09-24 16:41:08,779: Detector - INFO - Detected emotion: Happy
2025-09-24 16:41:08,857: Detector - INFO - Detected emotion: Sad
2025-09-24 16:41:08,893: Detector - INFO - Detected emotion: Happy
2025-09-24 16:41:08,982: Detector - INFO - Detected emotion: Happy
2025-09-24 16:41:09,020: Detector - INFO - Detected emotion: Happy
2025-09-24 16:41:09,104: Detector - INFO - Detected emotion: Sad
2025-09-24 16:41:09,142: Detector - INFO - Detected emotion: Happy
2025-09-24 16:41:09,221: Detector - INFO - Detected emotion: Fear
2025-09-24 16:41:09,262: Detector - INFO - Detected emotion: Happy
2025-09-24 16:41:09,338: Detector - INFO - Detected emotion: Surprise
2025-09-24 16:41:09,372: Detector - INFO - Detected emotion: Surprise
2025-09-24 16:41:09,460: Detector - INFO - Detected emotion: Surprise
2025-09-24 16:41:09,502: Detector - INFO - Detected emotion: Happy
2025-09-24 16:41:09,575: Detector - INFO - Detected emotion: Surprise
2025-09-24 16:41:09,612: Detector - INFO - Detected emotion: Happy
2025-09-24 16:41:09,689: Detector - INFO - Detected emotion: Surprise
2025-09-24 16:41:09,726: Detector - INFO - Detected emotion: Happy
2025-09-24 16:41:09,803: Detector - INFO - Detected emotion: Fear
2025-09-24 16:41:09,834: Detector - INFO - Detected emotion: Happy
2025-09-24 16:41:09,918: Detector - INFO - Detected emotion: Surprise
2025-09-24 16:41:09,956: Detector - INFO - Detected emotion: Happy
2025-09-24 16:41:10,033: Detector - INFO - Detected emotion: Fear
2025-09-24 16:41:10,116: Detector - INFO - Detected emotion: Fear
2025-09-24 16:41:10,190: Detector - INFO - Detected emotion: Fear
2025-09-24 16:41:10,265: Detector - INFO - Detected emotion: Fear
2025-09-24 16:41:10,341: Detector - INFO - Detected emotion: Fear
2025-09-24 16:41:10,431: Detector - INFO - Detected emotion: Fear
2025-09-24 16:41:10,509: Detector - INFO - Detected emotion: Fear
2025-09-24 16:41:10,585: Detector - INFO - Detected emotion: Sad
2025-09-24 16:41:10,660: Detector - INFO - Detected emotion: Fear
2025-09-24 16:41:10,744: Detector - INFO - Detected emotion: Fear
2025-09-24 16:41:10,831: Detector - INFO - Detected emotion: Fear
2025-09-24 16:41:10,909: Detector - INFO - Detected emotion: Fear
2025-09-24 16:41:10,992: Detector - INFO - Detected emotion: Fear
2025-09-24 16:41:11,070: Detector - INFO - Detected emotion: Fear
2025-09-24 16:41:11,146: Detector - INFO - Detected emotion: Fear
2025-09-24 16:41:11,223: Detector - INFO - Detected emotion: Fear
2025-09-24 16:41:11,300: Detector - INFO - Detected emotion: Sad
2025-09-24 16:41:11,379: Detector - INFO - Detected emotion: Fear
2025-09-24 16:41:11,459: Detector - INFO - Detected emotion: Fear
2025-09-24 16:41:11,539: Detector - INFO - Detected emotion: Sad
2025-09-24 16:41:11,618: Detector - INFO - Detected emotion: Fear
2025-09-24 16:41:11,696: Detector - INFO - Detected emotion: Sad
2025-09-24 16:41:11,779: Detector - INFO - Detected emotion: Sad
2025-09-24 16:41:11,870: Detector - INFO - Detected emotion: Fear
2025-09-24 16:41:11,948: Detector - INFO - Detected emotion: Happy
2025-09-24 16:41:12,025: Detector - INFO - Detected emotion: Happy
2025-09-24 16:41:12,101: Detector - INFO - Detected emotion: Fear
2025-09-24 16:41:12,185: Detector - INFO - Detected emotion: Fear
2025-09-24 16:41:12,264: Detector - INFO - Detected emotion: Surprise
2025-09-24 16:41:12,338: Detector - INFO - Detected emotion: Surprise
2025-09-24 16:41:12,417: Detector - INFO - Detected emotion: Happy
2025-09-24 16:41:12,491: Detector - INFO - Detected emotion: Happy
2025-09-24 16:41:12,574: Detector - INFO - Detected emotion: Surprise
2025-09-24 16:41:12,654: Detector - INFO - Detected emotion: Sad
2025-09-24 16:41:12,732: Detector - INFO - Detected emotion: Fear
2025-09-24 16:41:12,811: Detector - INFO - Detected emotion: Fear
2025-09-24 16:41:12,848: Detector - INFO - Detected emotion: Sad
2025-09-24 16:41:12,925: Detector - INFO - Detected emotion: Surprise
2025-09-24 16:41:13,002: Detector - INFO - Detected emotion: Surprise
2025-09-24 16:41:13,072: Detector - INFO - Detected emotion: Happy
2025-09-24 16:41:13,157: Detector - INFO - Detected emotion: Happy
2025-09-24 16:41:13,240: Detector - INFO - Detected emotion: Happy
2025-09-24 16:41:13,314: Detector - INFO - Detected emotion: Angry
2025-09-24 16:41:13,395: Detector - INFO - Detected emotion: Angry
2025-09-24 16:41:13,469: Detector - INFO - Detected emotion: Surprise
2025-09-24 16:41:13,550: Detector - INFO - Detected emotion: Surprise
2025-09-24 16:41:13,629: Detector - INFO - Detected emotion: Surprise
2025-09-24 16:41:13,707: Detector - INFO - Detected emotion: Surprise
2025-09-24 16:41:13,785: Detector - INFO - Detected emotion: Surprise
2025-09-24 16:41:13,866: Detector - INFO - Detected emotion: Angry
2025-09-24 16:41:13,949: Detector - INFO - Detected emotion: Surprise
2025-09-24 16:41:14,048: Detector - INFO - Detected emotion: Surprise
2025-09-24 16:41:14,130: Detector - INFO - Detected emotion: Surprise
2025-09-24 16:41:14,209: Detector - INFO - Detected emotion: Sad
2025-09-24 16:41:14,288: Detector - INFO - Detected emotion: Sad
2025-09-24 16:41:14,362: Detector - INFO - Detected emotion: Sad
2025-09-24 16:41:14,445: Detector - INFO - Detected emotion: Surprise
2025-09-24 16:41:14,518: Detector - INFO - Detected emotion: Surprise
2025-09-24 16:41:14,599: Detector - INFO - Detected emotion: Sad
2025-09-24 16:41:14,682: Detector - INFO - Detected emotion: Surprise
2025-09-24 16:41:14,757: Detector - INFO - Detected emotion: Sad
2025-09-24 16:41:14,830: Detector - INFO - Detected emotion: Surprise
2025-09-24 16:41:14,916: Detector - INFO - Detected emotion: Sad
2025-09-24 16:41:14,995: Detector - INFO - Detected emotion: Fear
2025-09-24 16:41:15,072: Detector - INFO - Detected emotion: Fear
2025-09-24 16:41:15,151: Detector - INFO - Detected emotion: Fear
2025-09-24 16:41:15,230: Detector - INFO - Detected emotion: Fear
2025-09-24 16:41:15,309: Detector - INFO - Detected emotion: Fear
2025-09-24 16:41:15,394: Detector - INFO - Detected emotion: Fear
2025-09-24 16:41:15,433: Detector - INFO - Detected emotion: Happy
2025-09-24 16:41:15,517: Detector - INFO - Detected emotion: Fear
2025-09-24 16:41:15,554: Detector - INFO - Detected emotion: Neutral
2025-09-24 16:41:15,589: Detector - INFO - Detected emotion: Happy
2025-09-24 16:41:15,670: Detector - INFO - Detected emotion: Fear
2025-09-24 16:41:15,705: Detector - INFO - Detected emotion: Neutral
2025-09-24 16:41:15,740: Detector - INFO - Detected emotion: Happy
2025-09-24 16:41:15,825: Detector - INFO - Detected emotion: Fear
2025-09-24 16:41:15,863: Detector - INFO - Detected emotion: Happy
2025-09-24 16:41:15,952: Detector - INFO - Detected emotion: Sad
2025-09-24 16:41:15,989: Detector - INFO - Detected emotion: Happy
2025-09-24 16:41:16,065: Detector - INFO - Detected emotion: Sad
2025-09-24 16:41:16,100: Detector - INFO - Detected emotion: Happy
2025-09-24 16:41:16,179: Detector - INFO - Detected emotion: Fear
2025-09-24 16:41:16,221: Detector - INFO - Detected emotion: Happy
2025-09-24 16:41:16,306: Detector - INFO - Detected emotion: Fear
2025-09-24 16:41:16,346: Detector - INFO - Detected emotion: Happy
2025-09-24 16:41:16,424: Detector - INFO - Detected emotion: Surprise
2025-09-24 16:41:16,465: Detector - INFO - Detected emotion: Happy
2025-09-24 16:41:16,537: Detector - INFO - Detected emotion: Fear
2025-09-24 16:41:16,575: Detector - INFO - Detected emotion: Happy
2025-09-24 16:41:16,653: Detector - INFO - Detected emotion: Surprise
2025-09-24 16:41:16,690: Detector - INFO - Detected emotion: Surprise
2025-09-24 16:41:16,767: Detector - INFO - Detected emotion: Fear
2025-09-24 16:41:16,803: Detector - INFO - Detected emotion: Surprise
2025-09-24 16:41:16,877: Detector - INFO - Detected emotion: Sad
2025-09-24 16:41:16,917: Detector - INFO - Detected emotion: Happy
2025-09-24 16:41:16,993: Detector - INFO - Detected emotion: Surprise
2025-09-24 16:41:17,031: Detector - INFO - Detected emotion: Happy
2025-09-24 16:41:17,348: Detector - INFO - Detected emotion: Sad
2025-09-24 16:41:17,387: Detector - INFO - Detected emotion: Happy
2025-09-24 16:41:17,500: Detector - INFO - Detected emotion: Sad
2025-09-24 16:41:17,536: Detector - INFO - Detected emotion: Happy
2025-09-24 16:41:17,617: Detector - INFO - Detected emotion: Sad
2025-09-24 16:41:17,656: Detector - INFO - Detected emotion: Happy
2025-09-24 16:41:17,730: Detector - INFO - Detected emotion: Surprise
2025-09-24 16:41:17,769: Detector - INFO - Detected emotion: Happy
2025-09-24 16:41:17,849: Detector - INFO - Detected emotion: Sad
2025-09-24 16:41:17,888: Detector - INFO - Detected emotion: Happy
2025-09-24 16:41:17,965: Detector - INFO - Detected emotion: Surprise
2025-09-24 16:41:18,004: Detector - INFO - Detected emotion: Surprise
2025-09-24 16:41:18,082: Detector - INFO - Detected emotion: Surprise
2025-09-24 16:41:18,119: Detector - INFO - Detected emotion: Surprise
2025-09-24 16:41:18,192: Detector - INFO - Detected emotion: Surprise
2025-09-24 16:41:18,231: Detector - INFO - Detected emotion: Happy
2025-09-24 16:41:18,312: Detector - INFO - Detected emotion: Fear
2025-09-24 16:41:18,350: Detector - INFO - Detected emotion: Happy
2025-09-24 16:41:18,431: Detector - INFO - Detected emotion: Sad
2025-09-24 16:41:18,514: Detector - INFO - Detected emotion: Fear
2025-09-24 16:41:18,598: Detector - INFO - Detected emotion: Sad
2025-09-24 16:41:18,678: Detector - INFO - Detected emotion: Sad
2025-09-24 16:41:18,758: Detector - INFO - Detected emotion: Surprise
2025-09-24 16:41:18,794: Detector - INFO - Detected emotion: Happy
2025-09-24 16:41:18,878: Detector - INFO - Detected emotion: Surprise
2025-09-24 16:41:18,915: Detector - INFO - Detected emotion: Happy
2025-09-24 16:41:19,003: Detector - INFO - Detected emotion: Sad
2025-09-24 16:41:19,038: Detector - INFO - Detected emotion: Happy
2025-09-24 16:41:19,118: Detector - INFO - Detected emotion: Sad
2025-09-24 16:41:19,156: Detector - INFO - Detected emotion: Happy
2025-09-24 16:41:19,241: Detector - INFO - Detected emotion: Happy
2025-09-24 16:41:19,276: Detector - INFO - Detected emotion: Happy
2025-09-24 16:41:19,278: Detector - INFO - ESC key pressed
2025-09-24 16:41:19,595: Detector - INFO - Camera and windows released
